[gtfobins.github.io/index.html]
[backblue.gif]
[fade.gif]
[index.html]
[gtfobins.github.io/assets/logo.png]
[gtfobins.github.io/assets/style.css]
[buttons.github.io/buttons.js]
[gtfobins.github.io/index.html]
[gtfobins.github.io/assets/style.css]
[gtfobins.github.io/contribute/index.html]
[gtfobins.github.io/functions/index.html]
[gtfobins.github.io/functions/index.html]
[gtfobins.github.io/gtfobins/aria2c/index.html]
[gtfobins.github.io/gtfobins/apt-get/index.html]
[gtfobins.github.io/gtfobins/arp/index.html]
[gtfobins.github.io/contribute/index.html]
[gtfobins.github.io/gtfobins/apt/index.html]
[gtfobins.github.io/gtfobins/ash/index.html]
[gtfobins.github.io/gtfobins/awk/index.html]
[gtfobins.github.io/gtfobins/apt-get/index.html]
[gtfobins.github.io/gtfobins/bash/index.html]
[gtfobins.github.io/gtfobins/apt/index.html]
[gtfobins.github.io/gtfobins/busybox/index.html]
[gtfobins.github.io/gtfobins/base64/index.html]
[gtfobins.github.io/gtfobins/aria2c/index.html]
[gtfobins.github.io/gtfobins/cancel/index.html]
[gtfobins.github.io/gtfobins/cat/index.html]
[gtfobins.github.io/gtfobins/arp/index.html]
[gtfobins.github.io/gtfobins/chmod/index.html]
[gtfobins.github.io/gtfobins/cpan/index.html]
[gtfobins.github.io/gtfobins/ash/index.html]
[gtfobins.github.io/gtfobins/chown/index.html]
[gtfobins.github.io/gtfobins/cp/index.html]
[gtfobins.github.io/gtfobins/awk/index.html]
[gtfobins.github.io/gtfobins/cpulimit/index.html]
[gtfobins.github.io/gtfobins/crontab/index.html]
[gtfobins.github.io/gtfobins/base64/index.html]
[gtfobins.github.io/gtfobins/curl/index.html]
[gtfobins.github.io/gtfobins/csh/index.html]
[gtfobins.github.io/gtfobins/bash/index.html]
[gtfobins.github.io/gtfobins/cut/index.html]
[gtfobins.github.io/gtfobins/date/index.html]
[gtfobins.github.io/gtfobins/dash/index.html]
[gtfobins.github.io/gtfobins/busybox/index.html]
[gtfobins.github.io/gtfobins/dd/index.html]
[gtfobins.github.io/gtfobins/diff/index.html]
[gtfobins.github.io/gtfobins/cancel/index.html]
[gtfobins.github.io/gtfobins/dmesg/index.html]
[gtfobins.github.io/gtfobins/dmsetup/index.html]
[gtfobins.github.io/gtfobins/cat/index.html]
[gtfobins.github.io/gtfobins/docker/index.html]
[gtfobins.github.io/gtfobins/easy_install/index.html]
[gtfobins.github.io/gtfobins/chmod/index.html]
[gtfobins.github.io/gtfobins/dnf/index.html]
[gtfobins.github.io/gtfobins/dpkg/index.html]
[gtfobins.github.io/gtfobins/chown/index.html]
[gtfobins.github.io/gtfobins/ed/index.html]
[gtfobins.github.io/gtfobins/emacs/index.html]
[gtfobins.github.io/gtfobins/cp/index.html]
[gtfobins.github.io/gtfobins/env/index.html]
[gtfobins.github.io/gtfobins/expand/index.html]
[gtfobins.github.io/gtfobins/cpan/index.html]
[gtfobins.github.io/gtfobins/expect/index.html]
[gtfobins.github.io/gtfobins/facter/index.html]
[gtfobins.github.io/gtfobins/cpulimit/index.html]
[gtfobins.github.io/gtfobins/file/index.html]
[gtfobins.github.io/gtfobins/find/index.html]
[gtfobins.github.io/gtfobins/crontab/index.html]
[gtfobins.github.io/gtfobins/finger/index.html]
[gtfobins.github.io/gtfobins/flock/index.html]
[gtfobins.github.io/gtfobins/csh/index.html]
[gtfobins.github.io/gtfobins/gdb/index.html]
[gtfobins.github.io/gtfobins/gimp/index.html]
[gtfobins.github.io/gtfobins/curl/index.html]
[gtfobins.github.io/gtfobins/fmt/index.html]
[gtfobins.github.io/gtfobins/ftp/index.html]
[gtfobins.github.io/gtfobins/cut/index.html]
[gtfobins.github.io/gtfobins/fold/index.html]
[gtfobins.github.io/gtfobins/git/index.html]
[gtfobins.github.io/gtfobins/dash/index.html]
[gtfobins.github.io/gtfobins/grep/index.html]
[gtfobins.github.io/gtfobins/irb/index.html]
[gtfobins.github.io/gtfobins/date/index.html]
[gtfobins.github.io/gtfobins/jjs/index.html]
[gtfobins.github.io/gtfobins/ionice/index.html]
[gtfobins.github.io/gtfobins/head/index.html]
[gtfobins.github.io/gtfobins/dd/index.html]
[gtfobins.github.io/gtfobins/jrunscript/index.html]
[gtfobins.github.io/gtfobins/ksh/index.html]
[gtfobins.github.io/gtfobins/diff/index.html]
[gtfobins.github.io/gtfobins/ip/index.html]
[gtfobins.github.io/gtfobins/less/index.html]
[gtfobins.github.io/gtfobins/dmesg/index.html]
[gtfobins.github.io/gtfobins/journalctl/index.html]
[gtfobins.github.io/gtfobins/jq/index.html]
[gtfobins.github.io/gtfobins/dmsetup/index.html]
[gtfobins.github.io/gtfobins/lua/index.html]
[gtfobins.github.io/gtfobins/ld.so/index.html]
[gtfobins.github.io/gtfobins/dnf/index.html]
[gtfobins.github.io/gtfobins/make/index.html]
[gtfobins.github.io/gtfobins/logsave/index.html]
[gtfobins.github.io/gtfobins/docker/index.html]
[gtfobins.github.io/gtfobins/ltrace/index.html]
[gtfobins.github.io/gtfobins/mail/index.html]
[gtfobins.github.io/gtfobins/dpkg/index.html]
[gtfobins.github.io/gtfobins/man/index.html]
[gtfobins.github.io/gtfobins/more/index.html]
[gtfobins.github.io/gtfobins/easy_install/index.html]
[gtfobins.github.io/gtfobins/mount/index.html]
[gtfobins.github.io/gtfobins/nano/index.html]
[gtfobins.github.io/gtfobins/ed/index.html]
[gtfobins.github.io/gtfobins/nc/index.html]
[gtfobins.github.io/gtfobins/mtr/index.html]
[gtfobins.github.io/gtfobins/emacs/index.html]
[gtfobins.github.io/gtfobins/mv/index.html]
[gtfobins.github.io/gtfobins/nmap/index.html]
[gtfobins.github.io/gtfobins/env/index.html]
[gtfobins.github.io/gtfobins/mysql/index.html]
[gtfobins.github.io/gtfobins/node/index.html]
[gtfobins.github.io/gtfobins/expand/index.html]
[gtfobins.github.io/gtfobins/openssl/index.html]
[gtfobins.github.io/gtfobins/expect/index.html]
[gtfobins.github.io/gtfobins/perl/index.html]
[gtfobins.github.io/gtfobins/nice/index.html]
[gtfobins.github.io/gtfobins/facter/index.html]
[gtfobins.github.io/gtfobins/nl/index.html]
[gtfobins.github.io/gtfobins/php/index.html]
[gtfobins.github.io/gtfobins/file/index.html]
[gtfobins.github.io/gtfobins/pico/index.html]
[gtfobins.github.io/gtfobins/pip/index.html]
[gtfobins.github.io/gtfobins/find/index.html]
[gtfobins.github.io/gtfobins/od/index.html]
[gtfobins.github.io/gtfobins/python/index.html]
[gtfobins.github.io/gtfobins/finger/index.html]
[gtfobins.github.io/gtfobins/pg/index.html]
[gtfobins.github.io/gtfobins/pic/index.html]
[gtfobins.github.io/gtfobins/flock/index.html]
[gtfobins.github.io/gtfobins/puppet/index.html]
[gtfobins.github.io/gtfobins/readelf/index.html]
[gtfobins.github.io/gtfobins/fmt/index.html]
[gtfobins.github.io/gtfobins/rpm/index.html]
[gtfobins.github.io/gtfobins/red/index.html]
[gtfobins.github.io/gtfobins/fold/index.html]
[gtfobins.github.io/gtfobins/rlogin/index.html]
[gtfobins.github.io/gtfobins/rlwrap/index.html]
[gtfobins.github.io/gtfobins/ftp/index.html]
[gtfobins.github.io/gtfobins/ruby/index.html]
[gtfobins.github.io/gtfobins/rpmquery/index.html]
[gtfobins.github.io/gtfobins/gdb/index.html]
[gtfobins.github.io/gtfobins/rsync/index.html]
[gtfobins.github.io/gtfobins/rvim/index.html]
[gtfobins.github.io/gtfobins/gimp/index.html]
[gtfobins.github.io/gtfobins/scp/index.html]
[gtfobins.github.io/gtfobins/run-parts/index.html]
[gtfobins.github.io/gtfobins/run-mailcap/index.html]
[gtfobins.github.io/gtfobins/git/index.html]
[gtfobins.github.io/gtfobins/sed/index.html]
[gtfobins.github.io/gtfobins/screen/index.html]
[gtfobins.github.io/gtfobins/grep/index.html]
[gtfobins.github.io/gtfobins/script/index.html]
[gtfobins.github.io/gtfobins/service/index.html]
[gtfobins.github.io/gtfobins/head/index.html]
[gtfobins.github.io/gtfobins/setarch/index.html]
[gtfobins.github.io/gtfobins/socat/index.html]
[gtfobins.github.io/gtfobins/ionice/index.html]
[gtfobins.github.io/gtfobins/sftp/index.html]
[gtfobins.github.io/gtfobins/shuf/index.html]
[gtfobins.github.io/gtfobins/ip/index.html]
[gtfobins.github.io/gtfobins/sqlite3/index.html]
[gtfobins.github.io/gtfobins/ssh/index.html]
[gtfobins.github.io/gtfobins/irb/index.html]
[gtfobins.github.io/gtfobins/smbclient/index.html]
[gtfobins.github.io/gtfobins/sort/index.html]
[gtfobins.github.io/gtfobins/jjs/index.html]
[gtfobins.github.io/gtfobins/start-stop-daemon/index.html]
[gtfobins.github.io/gtfobins/stdbuf/index.html]
[gtfobins.github.io/gtfobins/journalctl/index.html]
[gtfobins.github.io/gtfobins/tar/index.html]
[gtfobins.github.io/gtfobins/strace/index.html]
[gtfobins.github.io/gtfobins/jq/index.html]
[gtfobins.github.io/gtfobins/tclsh/index.html]
[gtfobins.github.io/gtfobins/systemctl/index.html]
[gtfobins.github.io/gtfobins/jrunscript/index.html]
[gtfobins.github.io/gtfobins/tail/index.html]
[gtfobins.github.io/gtfobins/telnet/index.html]
[gtfobins.github.io/gtfobins/ksh/index.html]
[gtfobins.github.io/gtfobins/taskset/index.html]
[gtfobins.github.io/gtfobins/tcpdump/index.html]
[gtfobins.github.io/gtfobins/ld.so/index.html]
[gtfobins.github.io/gtfobins/tee/index.html]
[gtfobins.github.io/gtfobins/tftp/index.html]
[gtfobins.github.io/gtfobins/less/index.html]
[gtfobins.github.io/gtfobins/time/index.html]
[gtfobins.github.io/gtfobins/timeout/index.html]
[gtfobins.github.io/gtfobins/logsave/index.html]
[gtfobins.github.io/gtfobins/tmux/index.html]
[gtfobins.github.io/gtfobins/ul/index.html]
[gtfobins.github.io/gtfobins/ltrace/index.html]
[gtfobins.github.io/gtfobins/unexpand/index.html]
[gtfobins.github.io/gtfobins/vim/index.html]
[gtfobins.github.io/gtfobins/lua/index.html]
[gtfobins.github.io/gtfobins/uniq/index.html]
[gtfobins.github.io/gtfobins/unshare/index.html]
[gtfobins.github.io/gtfobins/mail/index.html]
[gtfobins.github.io/gtfobins/wget/index.html]
[gtfobins.github.io/gtfobins/vi/index.html]
[gtfobins.github.io/gtfobins/make/index.html]
[gtfobins.github.io/gtfobins/xargs/index.html]
[gtfobins.github.io/gtfobins/watch/index.html]
[gtfobins.github.io/gtfobins/man/index.html]
[gtfobins.github.io/gtfobins/wish/index.html]
[gtfobins.github.io/gtfobins/whois/index.html]
[gtfobins.github.io/gtfobins/more/index.html]
[gtfobins.github.io/gtfobins/xxd/index.html]
[gtfobins.github.io/gtfobins/yum/index.html]
[gtfobins.github.io/gtfobins/mount/index.html]
[gtfobins.github.io/gtfobins/mtr/index.html]
[gtfobins.github.io/gtfobins/mv/index.html]
[gtfobins.github.io/gtfobins/mysql/index.html]
[gtfobins.github.io/gtfobins/nano/index.html]
[gtfobins.github.io/gtfobins/nc/index.html]
[gtfobins.github.io/gtfobins/nice/index.html]
[gtfobins.github.io/gtfobins/nl/index.html]
[gtfobins.github.io/gtfobins/nmap/index.html]
[gtfobins.github.io/gtfobins/node/index.html]
[gtfobins.github.io/gtfobins/od/index.html]
[gtfobins.github.io/gtfobins/openssl/index.html]
[gtfobins.github.io/gtfobins/perl/index.html]
[gtfobins.github.io/gtfobins/pg/index.html]
[gtfobins.github.io/gtfobins/php/index.html]
[gtfobins.github.io/gtfobins/pic/index.html]
[gtfobins.github.io/gtfobins/pico/index.html]
[gtfobins.github.io/gtfobins/pip/index.html]
[gtfobins.github.io/gtfobins/puppet/index.html]
[gtfobins.github.io/gtfobins/python/index.html]
[gtfobins.github.io/gtfobins/readelf/index.html]
[gtfobins.github.io/gtfobins/red/index.html]
[gtfobins.github.io/gtfobins/rlogin/index.html]
[gtfobins.github.io/gtfobins/rlwrap/index.html]
[gtfobins.github.io/gtfobins/rpm/index.html]
[gtfobins.github.io/gtfobins/rpmquery/index.html]
[gtfobins.github.io/gtfobins/rsync/index.html]
[gtfobins.github.io/gtfobins/ruby/index.html]
[gtfobins.github.io/gtfobins/run-mailcap/index.html]
[gtfobins.github.io/gtfobins/run-parts/index.html]
[gtfobins.github.io/gtfobins/rvim/index.html]
[gtfobins.github.io/gtfobins/scp/index.html]
[gtfobins.github.io/gtfobins/screen/index.html]
[gtfobins.github.io/gtfobins/script/index.html]
[gtfobins.github.io/gtfobins/sed/index.html]
[gtfobins.github.io/gtfobins/service/index.html]
[gtfobins.github.io/gtfobins/setarch/index.html]
[gtfobins.github.io/gtfobins/sftp/index.html]
[gtfobins.github.io/gtfobins/shuf/index.html]
[gtfobins.github.io/gtfobins/smbclient/index.html]
[gtfobins.github.io/gtfobins/socat/index.html]
[gtfobins.github.io/gtfobins/sort/index.html]
[gtfobins.github.io/gtfobins/sqlite3/index.html]
[gtfobins.github.io/gtfobins/ssh/index.html]
[gtfobins.github.io/gtfobins/start-stop-daemon/index.html]
[gtfobins.github.io/gtfobins/stdbuf/index.html]
[gtfobins.github.io/gtfobins/strace/index.html]
[gtfobins.github.io/gtfobins/systemctl/index.html]
[gtfobins.github.io/gtfobins/tail/index.html]
[gtfobins.github.io/gtfobins/tar/index.html]
[gtfobins.github.io/gtfobins/taskset/index.html]
[gtfobins.github.io/gtfobins/tclsh/index.html]
[gtfobins.github.io/gtfobins/tcpdump/index.html]
[gtfobins.github.io/gtfobins/tee/index.html]
[gtfobins.github.io/gtfobins/telnet/index.html]
[gtfobins.github.io/gtfobins/tftp/index.html]
[gtfobins.github.io/gtfobins/time/index.html]
[gtfobins.github.io/gtfobins/timeout/index.html]
[gtfobins.github.io/gtfobins/tmux/index.html]
[gtfobins.github.io/gtfobins/ul/index.html]
[gtfobins.github.io/gtfobins/unexpand/index.html]
[gtfobins.github.io/gtfobins/uniq/index.html]
[gtfobins.github.io/gtfobins/unshare/index.html]
[gtfobins.github.io/gtfobins/vi/index.html]
[gtfobins.github.io/gtfobins/vim/index.html]
[gtfobins.github.io/gtfobins/watch/index.html]
[gtfobins.github.io/gtfobins/wget/index.html]
[gtfobins.github.io/gtfobins/whois/index.html]
[gtfobins.github.io/gtfobins/wish/index.html]
[gtfobins.github.io/gtfobins/xargs/index.html]
[gtfobins.github.io/gtfobins/xxd/index.html]
[gtfobins.github.io/gtfobins/yum/index.html]
[gtfobins.github.io/gtfobins/zip/index.html]
[gtfobins.github.io/gtfobins/zip/index.html]
[gtfobins.github.io/gtfobins/zsh/index.html]
[gtfobins.github.io/gtfobins/zsh/index.html]
[gtfobins.github.io/gtfobins/zypper/index.html]
[gtfobins.github.io/gtfobins/zypper/index.html]
